# JRE version: OpenJDK Runtime Environment (17.0.7) (build 17.0.7+0-b2043.56-10550314)
# Java VM: OpenJDK 64-Bit Server VM (17.0.7+0-b2043.56-10550314, mixed mode, tiered, compressed oops, compressed class ptrs, g1 gc, windows-amd64)
GC Precious Log:
 CPUs: 4 total, 4 available
 Memory: 3975M
 Large Page Support: Disabled
 NUMA Support: Disabled
 Compressed Oops: Enabled (32-bit)
 Heap Region Size: 1M
 Heap Min Capacity: 8M
 Heap Initial Capacity: 64M
 Heap Max Capacity: 2G
 Pre-touch: Disabled
 Parallel Workers: 4
 Concurrent Workers: 1
 Concurrent Refinement Workers: 4
 Periodic GC: Disabled
Heap:
 garbage-first heap   total 521216K, used 382464K [0x0000000080000000, 0x0000000100000000)
  region size 1024K, 10 young (10240K), 10 survivors (10240K)
 Metaspace       used 114606K, committed 115392K, reserved 1179648K
  class space    used 15607K, committed 16000K, reserved 1048576K
GC Heap History (20 events):
Event: 51.535 GC heap after
{Heap after GC invocations=60 (full 0):
 garbage-first heap   total 257024K, used 108526K [0x0000000080000000, 0x0000000100000000)
  region size 1024K, 2 young (2048K), 2 survivors (2048K)
 Metaspace       used 106897K, committed 107712K, reserved 1179648K
  class space    used 14383K, committed 14784K, reserved 1048576K
}
Event: 54.646 GC heap before
{Heap before GC invocations=60 (full 0):
 garbage-first heap   total 257024K, used 197614K [0x0000000080000000, 0x0000000100000000)
  region size 1024K, 75 young (76800K), 2 survivors (2048K)
 Metaspace       used 107742K, committed 108480K, reserved 1179648K
  class space    used 14486K, committed 14848K, reserved 1048576K
}
Event: 54.685 GC heap after
{Heap after GC invocations=61 (full 0):
 garbage-first heap   total 257024K, used 135821K [0x0000000080000000, 0x0000000100000000)
  region size 1024K, 10 young (10240K), 10 survivors (10240K)
 Metaspace       used 107742K, committed 108480K, reserved 1179648K
  class space    used 14486K, committed 14848K, reserved 1048576K
}
Event: 55.896 GC heap before
{Heap before GC invocations=61 (full 0):
 garbage-first heap   total 257024K, used 208525K [0x0000000080000000, 0x0000000100000000)
  region size 1024K, 69 young (70656K), 10 survivors (10240K)
 Metaspace       used 109400K, committed 110144K, reserved 1179648K
  class space    used 14732K, committed 15104K, reserved 1048576K
}
Event: 55.940 GC heap after
{Heap after GC invocations=62 (full 0):
 garbage-first heap   total 257024K, used 157045K [0x0000000080000000, 0x0000000100000000)
  region size 1024K, 9 young (9216K), 9 survivors (9216K)
 Metaspace       used 109400K, committed 110144K, reserved 1179648K
  class space    used 14732K, committed 15104K, reserved 1048576K
}
Event: 57.356 GC heap before
{Heap before GC invocations=62 (full 0):
 garbage-first heap   total 257024K, used 207221K [0x0000000080000000, 0x0000000100000000)
  region size 1024K, 45 young (46080K), 9 survivors (9216K)
 Metaspace       used 111120K, committed 111936K, reserved 1179648K
  class space    used 14983K, committed 15360K, reserved 1048576K
}
Event: 57.409 GC heap after
{Heap after GC invocations=63 (full 0):
 garbage-first heap   total 521216K, used 170261K [0x0000000080000000, 0x0000000100000000)
  region size 1024K, 4 young (4096K), 4 survivors (4096K)
 Metaspace       used 111120K, committed 111936K, reserved 1179648K
  class space    used 14983K, committed 15360K, reserved 1048576K
}
Event: 60.665 GC heap before
{Heap before GC invocations=63 (full 0):
 garbage-first heap   total 521216K, used 425237K [0x0000000080000000, 0x0000000100000000)
  region size 1024K, 193 young (197632K), 4 survivors (4096K)
 Metaspace       used 111766K, committed 112512K, reserved 1179648K
  class space    used 15064K, committed 15424K, reserved 1048576K
}
Event: 60.994 GC heap after
{Heap after GC invocations=64 (full 0):
 garbage-first heap   total 521216K, used 246784K [0x0000000080000000, 0x0000000100000000)
  region size 1024K, 25 young (25600K), 25 survivors (25600K)
 Metaspace       used 111766K, committed 112512K, reserved 1179648K
  class space    used 15064K, committed 15424K, reserved 1048576K
}
Event: 61.354 GC heap before
{Heap before GC invocations=64 (full 0):
 garbage-first heap   total 521216K, used 252928K [0x0000000080000000, 0x0000000100000000)
  region size 1024K, 32 young (32768K), 25 survivors (25600K)
 Metaspace       used 111773K, committed 112512K, reserved 1179648K
  class space    used 15065K, committed 15424K, reserved 1048576K
}
Event: 61.512 GC heap after
{Heap after GC invocations=65 (full 0):
 garbage-first heap   total 521216K, used 249996K [0x0000000080000000, 0x0000000100000000)
  region size 1024K, 3 young (3072K), 3 survivors (3072K)
 Metaspace       used 111773K, committed 112512K, reserved 1179648K
  class space    used 15065K, committed 15424K, reserved 1048576K
}
Event: 63.166 GC heap before
{Heap before GC invocations=65 (full 0):
 garbage-first heap   total 521216K, used 331916K [0x0000000080000000, 0x0000000100000000)
  region size 1024K, 81 young (82944K), 3 survivors (3072K)
 Metaspace       used 112283K, committed 113024K, reserved 1179648K
  class space    used 15140K, committed 15488K, reserved 1048576K
}
Event: 63.184 GC heap after
{Heap after GC invocations=66 (full 0):
 garbage-first heap   total 521216K, used 253134K [0x0000000080000000, 0x0000000100000000)
  region size 1024K, 5 young (5120K), 5 survivors (5120K)
 Metaspace       used 112283K, committed 113024K, reserved 1179648K
  class space    used 15140K, committed 15488K, reserved 1048576K
}
Event: 64.520 GC heap before
{Heap before GC invocations=66 (full 0):
 garbage-first heap   total 521216K, used 359630K [0x0000000080000000, 0x0000000100000000)
  region size 1024K, 110 young (112640K), 5 survivors (5120K)
 Metaspace       used 114482K, committed 115264K, reserved 1179648K
  class space    used 15605K, committed 16000K, reserved 1048576K
}
Event: 64.558 GC heap after
{Heap after GC invocations=67 (full 0):
 garbage-first heap   total 521216K, used 268288K [0x0000000080000000, 0x0000000100000000)
  region size 1024K, 14 young (14336K), 14 survivors (14336K)
 Metaspace       used 114482K, committed 115264K, reserved 1179648K
  class space    used 15605K, committed 16000K, reserved 1048576K
}
Event: 65.383 GC heap before
{Heap before GC invocations=67 (full 0):
 garbage-first heap   total 521216K, used 404480K [0x0000000080000000, 0x0000000100000000)
  region size 1024K, 148 young (151552K), 14 survivors (14336K)
 Metaspace       used 114575K, committed 115392K, reserved 1179648K
  class space    used 15607K, committed 16000K, reserved 1048576K
}
Event: 65.567 GC heap after
{Heap after GC invocations=68 (full 0):
 garbage-first heap   total 521216K, used 320021K [0x0000000080000000, 0x0000000100000000)
  region size 1024K, 19 young (19456K), 19 survivors (19456K)
 Metaspace       used 114575K, committed 115392K, reserved 1179648K
  class space    used 15607K, committed 16000K, reserved 1048576K
}
Event: 66.275 GC heap before
{Heap before GC invocations=68 (full 0):
 garbage-first heap   total 521216K, used 409109K [0x0000000080000000, 0x0000000100000000)
  region size 1024K, 107 young (109568K), 19 survivors (19456K)
 Metaspace       used 114594K, committed 115392K, reserved 1179648K
  class space    used 15607K, committed 16000K, reserved 1048576K
}
Event: 66.454 GC heap after
{Heap after GC invocations=69 (full 0):
 garbage-first heap   total 521216K, used 356352K [0x0000000080000000, 0x0000000100000000)
  region size 1024K, 14 young (14336K), 14 survivors (14336K)
 Metaspace       used 114594K, committed 115392K, reserved 1179648K
  class space    used 15607K, committed 16000K, reserved 1048576K
}
Event: 67.180 GC heap before
{Heap before GC invocations=69 (full 0):
 garbage-first heap   total 521216K, used 418816K [0x0000000080000000, 0x0000000100000000)
  region size 1024K, 75 young (76800K), 14 survivors (14336K)
 Metaspace       used 114606K, committed 115392K, reserved 1179648K
  class space    used 15607K, committed 16000K, reserved 1048576K
}

